<?xml version="1.0" encoding="UTF-8"?>
<!-- Generated by org.testng.reporters.JUnitReportReporter -->
<testsuite skipped="2" hostname="Tanzir-PC" name="helo2020" tests="3" failures="0" timestamp="2020-04-18T10:58:36 EDT" time="14.560" errors="1">
  <testcase name="num1" time="14.560" classname="helo2020">
    <error type="org.openqa.selenium.SessionNotCreatedException" message="session not created: This version of ChromeDriver only supports Chrome version 79
Build info: version: &#039;3.141.59&#039;, revision: &#039;e82be7d358&#039;, time: &#039;2018-11-14T08:25:53&#039;
System info: host: &#039;TANZIR-PC&#039;, ip: &#039;192.168.0.167&#039;, os.name: &#039;Windows 10&#039;, os.arch: &#039;amd64&#039;, os.version: &#039;10.0&#039;, java.version: &#039;1.8.0_211&#039;
Driver info: driver.version: ChromeDriver
remote stacktrace: Backtrace:
	Ordinal0 [0x00F1A113+1548563]
	Ordinal0 [0x00E9DDA1+1039777]
	Ordinal0 [0x00E1E485+517253]
	Ordinal0 [0x00DAFD34+64820]
	Ordinal0 [0x00DAC61E+50718]
	Ordinal0 [0x00DCB797+178071]
	Ordinal0 [0x00DCB59D+177565]
	Ordinal0 [0x00DC95FB+169467]
	Ordinal0 [0x00DB160A+71178]
	Ordinal0 [0x00DB2690+75408]
	Ordinal0 [0x00DB2629+75305]
	Ordinal0 [0x00EB71B7+1143223]
	GetHandleVerifier [0x00FB2B46+507814]
	GetHandleVerifier [0x00FB2864+507076]
	GetHandleVerifier [0x00FB9F47+537511]
	GetHandleVerifier [0x00FB3402+510050]
	Ordinal0 [0x00EAF29C+1110684]
	Ordinal0 [0x00EB938B+1151883]
	Ordinal0 [0x00EB94F3+1152243]
	Ordinal0 [0x00EB83F5+1147893]
	BaseThreadInitThunk [0x776C0419+25]
	RtlGetAppContainerNamedObjectPath [0x77DB66DD+237]
	RtlGetAppContainerNamedObjectPath [0x77DB66AD+189]
">
      <![CDATA[org.openqa.selenium.SessionNotCreatedException: session not created: This version of ChromeDriver only supports Chrome version 79
Build info: version: '3.141.59', revision: 'e82be7d358', time: '2018-11-14T08:25:53'
System info: host: 'TANZIR-PC', ip: '192.168.0.167', os.name: 'Windows 10', os.arch: 'amd64', os.version: '10.0', java.version: '1.8.0_211'
Driver info: driver.version: ChromeDriver
remote stacktrace: Backtrace:
Ordinal0 [0x00F1A113+1548563]
Ordinal0 [0x00E9DDA1+1039777]
Ordinal0 [0x00E1E485+517253]
Ordinal0 [0x00DAFD34+64820]
Ordinal0 [0x00DAC61E+50718]
Ordinal0 [0x00DCB797+178071]
Ordinal0 [0x00DCB59D+177565]
Ordinal0 [0x00DC95FB+169467]
Ordinal0 [0x00DB160A+71178]
Ordinal0 [0x00DB2690+75408]
Ordinal0 [0x00DB2629+75305]
Ordinal0 [0x00EB71B7+1143223]
GetHandleVerifier [0x00FB2B46+507814]
GetHandleVerifier [0x00FB2864+507076]
GetHandleVerifier [0x00FB9F47+537511]
GetHandleVerifier [0x00FB3402+510050]
Ordinal0 [0x00EAF29C+1110684]
Ordinal0 [0x00EB938B+1151883]
Ordinal0 [0x00EB94F3+1152243]
Ordinal0 [0x00EB83F5+1147893]
BaseThreadInitThunk [0x776C0419+25]
RtlGetAppContainerNamedObjectPath [0x77DB66DD+237]
RtlGetAppContainerNamedObjectPath [0x77DB66AD+189]

at sun.reflect.NativeConstructorAccessorImpl.newInstance0(Native Method)
at sun.reflect.NativeConstructorAccessorImpl.newInstance(NativeConstructorAccessorImpl.java:62)
at sun.reflect.DelegatingConstructorAccessorImpl.newInstance(DelegatingConstructorAccessorImpl.java:45)
at java.lang.reflect.Constructor.newInstance(Constructor.java:423)
at org.openqa.selenium.remote.W3CHandshakeResponse.lambda$errorHandler$0(W3CHandshakeResponse.java:62)
at org.openqa.selenium.remote.HandshakeResponse.lambda$getResponseFunction$0(HandshakeResponse.java:30)
at org.openqa.selenium.remote.ProtocolHandshake.lambda$createSession$0(ProtocolHandshake.java:126)
at java.util.stream.ReferencePipeline$3$1.accept(ReferencePipeline.java:193)
at java.util.Spliterators$ArraySpliterator.tryAdvance(Spliterators.java:958)
at java.util.stream.ReferencePipeline.forEachWithCancel(ReferencePipeline.java:126)
at java.util.stream.AbstractPipeline.copyIntoWithCancel(AbstractPipeline.java:498)
at java.util.stream.AbstractPipeline.copyInto(AbstractPipeline.java:485)
at java.util.stream.AbstractPipeline.wrapAndCopyInto(AbstractPipeline.java:471)
at java.util.stream.FindOps$FindOp.evaluateSequential(FindOps.java:152)
at java.util.stream.AbstractPipeline.evaluate(AbstractPipeline.java:234)
at java.util.stream.ReferencePipeline.findFirst(ReferencePipeline.java:464)
at org.openqa.selenium.remote.ProtocolHandshake.createSession(ProtocolHandshake.java:128)
at org.openqa.selenium.remote.ProtocolHandshake.createSession(ProtocolHandshake.java:74)
at org.openqa.selenium.remote.HttpCommandExecutor.execute(HttpCommandExecutor.java:136)
at org.openqa.selenium.remote.service.DriverCommandExecutor.execute(DriverCommandExecutor.java:83)
at org.openqa.selenium.remote.RemoteWebDriver.execute(RemoteWebDriver.java:552)
at org.openqa.selenium.remote.RemoteWebDriver.startSession(RemoteWebDriver.java:213)
at org.openqa.selenium.remote.RemoteWebDriver.<init>(RemoteWebDriver.java:131)
at org.openqa.selenium.chrome.ChromeDriver.<init>(ChromeDriver.java:181)
at org.openqa.selenium.chrome.ChromeDriver.<init>(ChromeDriver.java:168)
at org.openqa.selenium.chrome.ChromeDriver.<init>(ChromeDriver.java:123)
at helo2020.num1(helo2020.java:14)
at sun.reflect.NativeMethodAccessorImpl.invoke0(Native Method)
at sun.reflect.NativeMethodAccessorImpl.invoke(NativeMethodAccessorImpl.java:62)
at sun.reflect.DelegatingMethodAccessorImpl.invoke(DelegatingMethodAccessorImpl.java:43)
at java.lang.reflect.Method.invoke(Method.java:498)
at org.testng.internal.MethodInvocationHelper.invokeMethod(MethodInvocationHelper.java:133)
at org.testng.internal.MethodInvocationHelper.invokeMethodConsideringTimeout(MethodInvocationHelper.java:62)
at org.testng.internal.ConfigInvoker.invokeConfigurationMethod(ConfigInvoker.java:340)
at org.testng.internal.ConfigInvoker.invokeConfigurations(ConfigInvoker.java:294)
at org.testng.TestRunner.invokeTestConfigurations(TestRunner.java:623)
at org.testng.TestRunner.beforeRun(TestRunner.java:613)
at org.testng.TestRunner.run(TestRunner.java:584)
at org.testng.SuiteRunner.runTest(SuiteRunner.java:402)
at org.testng.SuiteRunner.runSequentially(SuiteRunner.java:396)
at org.testng.SuiteRunner.privateRun(SuiteRunner.java:355)
at org.testng.SuiteRunner.run(SuiteRunner.java:304)
at org.testng.SuiteRunnerWorker.runSuite(SuiteRunnerWorker.java:53)
at org.testng.SuiteRunnerWorker.run(SuiteRunnerWorker.java:96)
at org.testng.TestNG.runSuitesSequentially(TestNG.java:1180)
at org.testng.TestNG.runSuitesLocally(TestNG.java:1102)
at org.testng.TestNG.runSuites(TestNG.java:1032)
at org.testng.TestNG.run(TestNG.java:1000)
at org.testng.remote.AbstractRemoteTestNG.run(AbstractRemoteTestNG.java:115)
at org.testng.remote.RemoteTestNG.initAndRun(RemoteTestNG.java:251)
at org.testng.remote.RemoteTestNG.main(RemoteTestNG.java:77)
]]>
    </error>
  </testcase> <!-- num1 -->
  <testcase name="nuami" time="0.000" classname="helo2020">
    <skipped/>
  </testcase> <!-- nuami -->
  <testcase name="select" time="0.000" classname="helo2020">
    <skipped/>
  </testcase> <!-- select -->
</testsuite> <!-- helo2020 -->
