<?xml version="1.0" encoding="UTF-8"?>
<testng-results skipped="2" failed="0" ignored="0" total="2" passed="0">
  <reporter-output>
  </reporter-output>
  <suite name="Default suite" duration-ms="14661" started-at="2020-04-18T10:58:20 EDT" finished-at="2020-04-18T10:58:35 EDT">
    <groups>
    </groups>
    <test name="Default test" duration-ms="14661" started-at="2020-04-18T10:58:20 EDT" finished-at="2020-04-18T10:58:35 EDT">
      <class name="helo2020">
        <test-method status="FAIL" signature="num1()[pri:0, instance:helo2020@6fc6f14e]" name="num1" is-config="true" duration-ms="14560" started-at="2020-04-18T10:58:20 EDT" finished-at="2020-04-18T10:58:35 EDT">
          <exception class="org.openqa.selenium.SessionNotCreatedException">
            <message>
              <![CDATA[session not created: This version of ChromeDriver only supports Chrome version 79
Build info: version: '3.141.59', revision: 'e82be7d358', time: '2018-11-14T08:25:53'
System info: host: 'TANZIR-PC', ip: '192.168.0.167', os.name: 'Windows 10', os.arch: 'amd64', os.version: '10.0', java.version: '1.8.0_211'
Driver info: driver.version: ChromeDriver
remote stacktrace: Backtrace:
Ordinal0 [0x00F1A113+1548563]
Ordinal0 [0x00E9DDA1+1039777]
Ordinal0 [0x00E1E485+517253]
Ordinal0 [0x00DAFD34+64820]
Ordinal0 [0x00DAC61E+50718]
Ordinal0 [0x00DCB797+178071]
Ordinal0 [0x00DCB59D+177565]
Ordinal0 [0x00DC95FB+169467]
Ordinal0 [0x00DB160A+71178]
Ordinal0 [0x00DB2690+75408]
Ordinal0 [0x00DB2629+75305]
Ordinal0 [0x00EB71B7+1143223]
GetHandleVerifier [0x00FB2B46+507814]
GetHandleVerifier [0x00FB2864+507076]
GetHandleVerifier [0x00FB9F47+537511]
GetHandleVerifier [0x00FB3402+510050]
Ordinal0 [0x00EAF29C+1110684]
Ordinal0 [0x00EB938B+1151883]
Ordinal0 [0x00EB94F3+1152243]
Ordinal0 [0x00EB83F5+1147893]
BaseThreadInitThunk [0x776C0419+25]
RtlGetAppContainerNamedObjectPath [0x77DB66DD+237]
RtlGetAppContainerNamedObjectPath [0x77DB66AD+189]
]]>
            </message>
            <full-stacktrace>
              <![CDATA[org.openqa.selenium.SessionNotCreatedException: session not created: This version of ChromeDriver only supports Chrome version 79
Build info: version: '3.141.59', revision: 'e82be7d358', time: '2018-11-14T08:25:53'
System info: host: 'TANZIR-PC', ip: '192.168.0.167', os.name: 'Windows 10', os.arch: 'amd64', os.version: '10.0', java.version: '1.8.0_211'
Driver info: driver.version: ChromeDriver
remote stacktrace: Backtrace:
Ordinal0 [0x00F1A113+1548563]
Ordinal0 [0x00E9DDA1+1039777]
Ordinal0 [0x00E1E485+517253]
Ordinal0 [0x00DAFD34+64820]
Ordinal0 [0x00DAC61E+50718]
Ordinal0 [0x00DCB797+178071]
Ordinal0 [0x00DCB59D+177565]
Ordinal0 [0x00DC95FB+169467]
Ordinal0 [0x00DB160A+71178]
Ordinal0 [0x00DB2690+75408]
Ordinal0 [0x00DB2629+75305]
Ordinal0 [0x00EB71B7+1143223]
GetHandleVerifier [0x00FB2B46+507814]
GetHandleVerifier [0x00FB2864+507076]
GetHandleVerifier [0x00FB9F47+537511]
GetHandleVerifier [0x00FB3402+510050]
Ordinal0 [0x00EAF29C+1110684]
Ordinal0 [0x00EB938B+1151883]
Ordinal0 [0x00EB94F3+1152243]
Ordinal0 [0x00EB83F5+1147893]
BaseThreadInitThunk [0x776C0419+25]
RtlGetAppContainerNamedObjectPath [0x77DB66DD+237]
RtlGetAppContainerNamedObjectPath [0x77DB66AD+189]

at sun.reflect.NativeConstructorAccessorImpl.newInstance0(Native Method)
at sun.reflect.NativeConstructorAccessorImpl.newInstance(NativeConstructorAccessorImpl.java:62)
at sun.reflect.DelegatingConstructorAccessorImpl.newInstance(DelegatingConstructorAccessorImpl.java:45)
at java.lang.reflect.Constructor.newInstance(Constructor.java:423)
at org.openqa.selenium.remote.W3CHandshakeResponse.lambda$errorHandler$0(W3CHandshakeResponse.java:62)
at org.openqa.selenium.remote.HandshakeResponse.lambda$getResponseFunction$0(HandshakeResponse.java:30)
at org.openqa.selenium.remote.ProtocolHandshake.lambda$createSession$0(ProtocolHandshake.java:126)
at java.util.stream.ReferencePipeline$3$1.accept(ReferencePipeline.java:193)
at java.util.Spliterators$ArraySpliterator.tryAdvance(Spliterators.java:958)
at java.util.stream.ReferencePipeline.forEachWithCancel(ReferencePipeline.java:126)
at java.util.stream.AbstractPipeline.copyIntoWithCancel(AbstractPipeline.java:498)
at java.util.stream.AbstractPipeline.copyInto(AbstractPipeline.java:485)
at java.util.stream.AbstractPipeline.wrapAndCopyInto(AbstractPipeline.java:471)
at java.util.stream.FindOps$FindOp.evaluateSequential(FindOps.java:152)
at java.util.stream.AbstractPipeline.evaluate(AbstractPipeline.java:234)
at java.util.stream.ReferencePipeline.findFirst(ReferencePipeline.java:464)
at org.openqa.selenium.remote.ProtocolHandshake.createSession(ProtocolHandshake.java:128)
at org.openqa.selenium.remote.ProtocolHandshake.createSession(ProtocolHandshake.java:74)
at org.openqa.selenium.remote.HttpCommandExecutor.execute(HttpCommandExecutor.java:136)
at org.openqa.selenium.remote.service.DriverCommandExecutor.execute(DriverCommandExecutor.java:83)
at org.openqa.selenium.remote.RemoteWebDriver.execute(RemoteWebDriver.java:552)
at org.openqa.selenium.remote.RemoteWebDriver.startSession(RemoteWebDriver.java:213)
at org.openqa.selenium.remote.RemoteWebDriver.<init>(RemoteWebDriver.java:131)
at org.openqa.selenium.chrome.ChromeDriver.<init>(ChromeDriver.java:181)
at org.openqa.selenium.chrome.ChromeDriver.<init>(ChromeDriver.java:168)
at org.openqa.selenium.chrome.ChromeDriver.<init>(ChromeDriver.java:123)
at helo2020.num1(helo2020.java:14)
at sun.reflect.NativeMethodAccessorImpl.invoke0(Native Method)
at sun.reflect.NativeMethodAccessorImpl.invoke(NativeMethodAccessorImpl.java:62)
at sun.reflect.DelegatingMethodAccessorImpl.invoke(DelegatingMethodAccessorImpl.java:43)
at java.lang.reflect.Method.invoke(Method.java:498)
at org.testng.internal.MethodInvocationHelper.invokeMethod(MethodInvocationHelper.java:133)
at org.testng.internal.MethodInvocationHelper.invokeMethodConsideringTimeout(MethodInvocationHelper.java:62)
at org.testng.internal.ConfigInvoker.invokeConfigurationMethod(ConfigInvoker.java:340)
at org.testng.internal.ConfigInvoker.invokeConfigurations(ConfigInvoker.java:294)
at org.testng.TestRunner.invokeTestConfigurations(TestRunner.java:623)
at org.testng.TestRunner.beforeRun(TestRunner.java:613)
at org.testng.TestRunner.run(TestRunner.java:584)
at org.testng.SuiteRunner.runTest(SuiteRunner.java:402)
at org.testng.SuiteRunner.runSequentially(SuiteRunner.java:396)
at org.testng.SuiteRunner.privateRun(SuiteRunner.java:355)
at org.testng.SuiteRunner.run(SuiteRunner.java:304)
at org.testng.SuiteRunnerWorker.runSuite(SuiteRunnerWorker.java:53)
at org.testng.SuiteRunnerWorker.run(SuiteRunnerWorker.java:96)
at org.testng.TestNG.runSuitesSequentially(TestNG.java:1180)
at org.testng.TestNG.runSuitesLocally(TestNG.java:1102)
at org.testng.TestNG.runSuites(TestNG.java:1032)
at org.testng.TestNG.run(TestNG.java:1000)
at org.testng.remote.AbstractRemoteTestNG.run(AbstractRemoteTestNG.java:115)
at org.testng.remote.RemoteTestNG.initAndRun(RemoteTestNG.java:251)
at org.testng.remote.RemoteTestNG.main(RemoteTestNG.java:77)
]]>
            </full-stacktrace>
          </exception> <!-- org.openqa.selenium.SessionNotCreatedException -->
          <reporter-output>
          </reporter-output>
        </test-method> <!-- num1 -->
        <test-method status="SKIP" signature="select()[pri:2, instance:helo2020@6fc6f14e]" name="select" duration-ms="0" started-at="2020-04-18T10:58:35 EDT" finished-at="2020-04-18T10:58:35 EDT">
          <exception class="org.openqa.selenium.SessionNotCreatedException">
            <message>
              <![CDATA[session not created: This version of ChromeDriver only supports Chrome version 79
Build info: version: '3.141.59', revision: 'e82be7d358', time: '2018-11-14T08:25:53'
System info: host: 'TANZIR-PC', ip: '192.168.0.167', os.name: 'Windows 10', os.arch: 'amd64', os.version: '10.0', java.version: '1.8.0_211'
Driver info: driver.version: ChromeDriver
remote stacktrace: Backtrace:
Ordinal0 [0x00F1A113+1548563]
Ordinal0 [0x00E9DDA1+1039777]
Ordinal0 [0x00E1E485+517253]
Ordinal0 [0x00DAFD34+64820]
Ordinal0 [0x00DAC61E+50718]
Ordinal0 [0x00DCB797+178071]
Ordinal0 [0x00DCB59D+177565]
Ordinal0 [0x00DC95FB+169467]
Ordinal0 [0x00DB160A+71178]
Ordinal0 [0x00DB2690+75408]
Ordinal0 [0x00DB2629+75305]
Ordinal0 [0x00EB71B7+1143223]
GetHandleVerifier [0x00FB2B46+507814]
GetHandleVerifier [0x00FB2864+507076]
GetHandleVerifier [0x00FB9F47+537511]
GetHandleVerifier [0x00FB3402+510050]
Ordinal0 [0x00EAF29C+1110684]
Ordinal0 [0x00EB938B+1151883]
Ordinal0 [0x00EB94F3+1152243]
Ordinal0 [0x00EB83F5+1147893]
BaseThreadInitThunk [0x776C0419+25]
RtlGetAppContainerNamedObjectPath [0x77DB66DD+237]
RtlGetAppContainerNamedObjectPath [0x77DB66AD+189]
]]>
            </message>
            <full-stacktrace>
              <![CDATA[org.openqa.selenium.SessionNotCreatedException: session not created: This version of ChromeDriver only supports Chrome version 79
Build info: version: '3.141.59', revision: 'e82be7d358', time: '2018-11-14T08:25:53'
System info: host: 'TANZIR-PC', ip: '192.168.0.167', os.name: 'Windows 10', os.arch: 'amd64', os.version: '10.0', java.version: '1.8.0_211'
Driver info: driver.version: ChromeDriver
remote stacktrace: Backtrace:
Ordinal0 [0x00F1A113+1548563]
Ordinal0 [0x00E9DDA1+1039777]
Ordinal0 [0x00E1E485+517253]
Ordinal0 [0x00DAFD34+64820]
Ordinal0 [0x00DAC61E+50718]
Ordinal0 [0x00DCB797+178071]
Ordinal0 [0x00DCB59D+177565]
Ordinal0 [0x00DC95FB+169467]
Ordinal0 [0x00DB160A+71178]
Ordinal0 [0x00DB2690+75408]
Ordinal0 [0x00DB2629+75305]
Ordinal0 [0x00EB71B7+1143223]
GetHandleVerifier [0x00FB2B46+507814]
GetHandleVerifier [0x00FB2864+507076]
GetHandleVerifier [0x00FB9F47+537511]
GetHandleVerifier [0x00FB3402+510050]
Ordinal0 [0x00EAF29C+1110684]
Ordinal0 [0x00EB938B+1151883]
Ordinal0 [0x00EB94F3+1152243]
Ordinal0 [0x00EB83F5+1147893]
BaseThreadInitThunk [0x776C0419+25]
RtlGetAppContainerNamedObjectPath [0x77DB66DD+237]
RtlGetAppContainerNamedObjectPath [0x77DB66AD+189]

at sun.reflect.NativeConstructorAccessorImpl.newInstance0(Native Method)
at sun.reflect.NativeConstructorAccessorImpl.newInstance(NativeConstructorAccessorImpl.java:62)
at sun.reflect.DelegatingConstructorAccessorImpl.newInstance(DelegatingConstructorAccessorImpl.java:45)
at java.lang.reflect.Constructor.newInstance(Constructor.java:423)
at org.openqa.selenium.remote.W3CHandshakeResponse.lambda$errorHandler$0(W3CHandshakeResponse.java:62)
at org.openqa.selenium.remote.HandshakeResponse.lambda$getResponseFunction$0(HandshakeResponse.java:30)
at org.openqa.selenium.remote.ProtocolHandshake.lambda$createSession$0(ProtocolHandshake.java:126)
at java.util.stream.ReferencePipeline$3$1.accept(ReferencePipeline.java:193)
at java.util.Spliterators$ArraySpliterator.tryAdvance(Spliterators.java:958)
at java.util.stream.ReferencePipeline.forEachWithCancel(ReferencePipeline.java:126)
at java.util.stream.AbstractPipeline.copyIntoWithCancel(AbstractPipeline.java:498)
at java.util.stream.AbstractPipeline.copyInto(AbstractPipeline.java:485)
at java.util.stream.AbstractPipeline.wrapAndCopyInto(AbstractPipeline.java:471)
at java.util.stream.FindOps$FindOp.evaluateSequential(FindOps.java:152)
at java.util.stream.AbstractPipeline.evaluate(AbstractPipeline.java:234)
at java.util.stream.ReferencePipeline.findFirst(ReferencePipeline.java:464)
at org.openqa.selenium.remote.ProtocolHandshake.createSession(ProtocolHandshake.java:128)
at org.openqa.selenium.remote.ProtocolHandshake.createSession(ProtocolHandshake.java:74)
at org.openqa.selenium.remote.HttpCommandExecutor.execute(HttpCommandExecutor.java:136)
at org.openqa.selenium.remote.service.DriverCommandExecutor.execute(DriverCommandExecutor.java:83)
at org.openqa.selenium.remote.RemoteWebDriver.execute(RemoteWebDriver.java:552)
at org.openqa.selenium.remote.RemoteWebDriver.startSession(RemoteWebDriver.java:213)
at org.openqa.selenium.remote.RemoteWebDriver.<init>(RemoteWebDriver.java:131)
at org.openqa.selenium.chrome.ChromeDriver.<init>(ChromeDriver.java:181)
at org.openqa.selenium.chrome.ChromeDriver.<init>(ChromeDriver.java:168)
at org.openqa.selenium.chrome.ChromeDriver.<init>(ChromeDriver.java:123)
at helo2020.num1(helo2020.java:14)
at sun.reflect.NativeMethodAccessorImpl.invoke0(Native Method)
at sun.reflect.NativeMethodAccessorImpl.invoke(NativeMethodAccessorImpl.java:62)
at sun.reflect.DelegatingMethodAccessorImpl.invoke(DelegatingMethodAccessorImpl.java:43)
at java.lang.reflect.Method.invoke(Method.java:498)
at org.testng.internal.MethodInvocationHelper.invokeMethod(MethodInvocationHelper.java:133)
at org.testng.internal.MethodInvocationHelper.invokeMethodConsideringTimeout(MethodInvocationHelper.java:62)
at org.testng.internal.ConfigInvoker.invokeConfigurationMethod(ConfigInvoker.java:340)
at org.testng.internal.ConfigInvoker.invokeConfigurations(ConfigInvoker.java:294)
at org.testng.TestRunner.invokeTestConfigurations(TestRunner.java:623)
at org.testng.TestRunner.beforeRun(TestRunner.java:613)
at org.testng.TestRunner.run(TestRunner.java:584)
at org.testng.SuiteRunner.runTest(SuiteRunner.java:402)
at org.testng.SuiteRunner.runSequentially(SuiteRunner.java:396)
at org.testng.SuiteRunner.privateRun(SuiteRunner.java:355)
at org.testng.SuiteRunner.run(SuiteRunner.java:304)
at org.testng.SuiteRunnerWorker.runSuite(SuiteRunnerWorker.java:53)
at org.testng.SuiteRunnerWorker.run(SuiteRunnerWorker.java:96)
at org.testng.TestNG.runSuitesSequentially(TestNG.java:1180)
at org.testng.TestNG.runSuitesLocally(TestNG.java:1102)
at org.testng.TestNG.runSuites(TestNG.java:1032)
at org.testng.TestNG.run(TestNG.java:1000)
at org.testng.remote.AbstractRemoteTestNG.run(AbstractRemoteTestNG.java:115)
at org.testng.remote.RemoteTestNG.initAndRun(RemoteTestNG.java:251)
at org.testng.remote.RemoteTestNG.main(RemoteTestNG.java:77)
]]>
            </full-stacktrace>
          </exception> <!-- org.openqa.selenium.SessionNotCreatedException -->
          <reporter-output>
          </reporter-output>
        </test-method> <!-- select -->
        <test-method status="SKIP" signature="nuami()[pri:1, instance:helo2020@6fc6f14e]" name="nuami" duration-ms="0" started-at="2020-04-18T10:58:35 EDT" finished-at="2020-04-18T10:58:35 EDT">
          <exception class="org.openqa.selenium.SessionNotCreatedException">
            <message>
              <![CDATA[session not created: This version of ChromeDriver only supports Chrome version 79
Build info: version: '3.141.59', revision: 'e82be7d358', time: '2018-11-14T08:25:53'
System info: host: 'TANZIR-PC', ip: '192.168.0.167', os.name: 'Windows 10', os.arch: 'amd64', os.version: '10.0', java.version: '1.8.0_211'
Driver info: driver.version: ChromeDriver
remote stacktrace: Backtrace:
Ordinal0 [0x00F1A113+1548563]
Ordinal0 [0x00E9DDA1+1039777]
Ordinal0 [0x00E1E485+517253]
Ordinal0 [0x00DAFD34+64820]
Ordinal0 [0x00DAC61E+50718]
Ordinal0 [0x00DCB797+178071]
Ordinal0 [0x00DCB59D+177565]
Ordinal0 [0x00DC95FB+169467]
Ordinal0 [0x00DB160A+71178]
Ordinal0 [0x00DB2690+75408]
Ordinal0 [0x00DB2629+75305]
Ordinal0 [0x00EB71B7+1143223]
GetHandleVerifier [0x00FB2B46+507814]
GetHandleVerifier [0x00FB2864+507076]
GetHandleVerifier [0x00FB9F47+537511]
GetHandleVerifier [0x00FB3402+510050]
Ordinal0 [0x00EAF29C+1110684]
Ordinal0 [0x00EB938B+1151883]
Ordinal0 [0x00EB94F3+1152243]
Ordinal0 [0x00EB83F5+1147893]
BaseThreadInitThunk [0x776C0419+25]
RtlGetAppContainerNamedObjectPath [0x77DB66DD+237]
RtlGetAppContainerNamedObjectPath [0x77DB66AD+189]
]]>
            </message>
            <full-stacktrace>
              <![CDATA[org.openqa.selenium.SessionNotCreatedException: session not created: This version of ChromeDriver only supports Chrome version 79
Build info: version: '3.141.59', revision: 'e82be7d358', time: '2018-11-14T08:25:53'
System info: host: 'TANZIR-PC', ip: '192.168.0.167', os.name: 'Windows 10', os.arch: 'amd64', os.version: '10.0', java.version: '1.8.0_211'
Driver info: driver.version: ChromeDriver
remote stacktrace: Backtrace:
Ordinal0 [0x00F1A113+1548563]
Ordinal0 [0x00E9DDA1+1039777]
Ordinal0 [0x00E1E485+517253]
Ordinal0 [0x00DAFD34+64820]
Ordinal0 [0x00DAC61E+50718]
Ordinal0 [0x00DCB797+178071]
Ordinal0 [0x00DCB59D+177565]
Ordinal0 [0x00DC95FB+169467]
Ordinal0 [0x00DB160A+71178]
Ordinal0 [0x00DB2690+75408]
Ordinal0 [0x00DB2629+75305]
Ordinal0 [0x00EB71B7+1143223]
GetHandleVerifier [0x00FB2B46+507814]
GetHandleVerifier [0x00FB2864+507076]
GetHandleVerifier [0x00FB9F47+537511]
GetHandleVerifier [0x00FB3402+510050]
Ordinal0 [0x00EAF29C+1110684]
Ordinal0 [0x00EB938B+1151883]
Ordinal0 [0x00EB94F3+1152243]
Ordinal0 [0x00EB83F5+1147893]
BaseThreadInitThunk [0x776C0419+25]
RtlGetAppContainerNamedObjectPath [0x77DB66DD+237]
RtlGetAppContainerNamedObjectPath [0x77DB66AD+189]

at sun.reflect.NativeConstructorAccessorImpl.newInstance0(Native Method)
at sun.reflect.NativeConstructorAccessorImpl.newInstance(NativeConstructorAccessorImpl.java:62)
at sun.reflect.DelegatingConstructorAccessorImpl.newInstance(DelegatingConstructorAccessorImpl.java:45)
at java.lang.reflect.Constructor.newInstance(Constructor.java:423)
at org.openqa.selenium.remote.W3CHandshakeResponse.lambda$errorHandler$0(W3CHandshakeResponse.java:62)
at org.openqa.selenium.remote.HandshakeResponse.lambda$getResponseFunction$0(HandshakeResponse.java:30)
at org.openqa.selenium.remote.ProtocolHandshake.lambda$createSession$0(ProtocolHandshake.java:126)
at java.util.stream.ReferencePipeline$3$1.accept(ReferencePipeline.java:193)
at java.util.Spliterators$ArraySpliterator.tryAdvance(Spliterators.java:958)
at java.util.stream.ReferencePipeline.forEachWithCancel(ReferencePipeline.java:126)
at java.util.stream.AbstractPipeline.copyIntoWithCancel(AbstractPipeline.java:498)
at java.util.stream.AbstractPipeline.copyInto(AbstractPipeline.java:485)
at java.util.stream.AbstractPipeline.wrapAndCopyInto(AbstractPipeline.java:471)
at java.util.stream.FindOps$FindOp.evaluateSequential(FindOps.java:152)
at java.util.stream.AbstractPipeline.evaluate(AbstractPipeline.java:234)
at java.util.stream.ReferencePipeline.findFirst(ReferencePipeline.java:464)
at org.openqa.selenium.remote.ProtocolHandshake.createSession(ProtocolHandshake.java:128)
at org.openqa.selenium.remote.ProtocolHandshake.createSession(ProtocolHandshake.java:74)
at org.openqa.selenium.remote.HttpCommandExecutor.execute(HttpCommandExecutor.java:136)
at org.openqa.selenium.remote.service.DriverCommandExecutor.execute(DriverCommandExecutor.java:83)
at org.openqa.selenium.remote.RemoteWebDriver.execute(RemoteWebDriver.java:552)
at org.openqa.selenium.remote.RemoteWebDriver.startSession(RemoteWebDriver.java:213)
at org.openqa.selenium.remote.RemoteWebDriver.<init>(RemoteWebDriver.java:131)
at org.openqa.selenium.chrome.ChromeDriver.<init>(ChromeDriver.java:181)
at org.openqa.selenium.chrome.ChromeDriver.<init>(ChromeDriver.java:168)
at org.openqa.selenium.chrome.ChromeDriver.<init>(ChromeDriver.java:123)
at helo2020.num1(helo2020.java:14)
at sun.reflect.NativeMethodAccessorImpl.invoke0(Native Method)
at sun.reflect.NativeMethodAccessorImpl.invoke(NativeMethodAccessorImpl.java:62)
at sun.reflect.DelegatingMethodAccessorImpl.invoke(DelegatingMethodAccessorImpl.java:43)
at java.lang.reflect.Method.invoke(Method.java:498)
at org.testng.internal.MethodInvocationHelper.invokeMethod(MethodInvocationHelper.java:133)
at org.testng.internal.MethodInvocationHelper.invokeMethodConsideringTimeout(MethodInvocationHelper.java:62)
at org.testng.internal.ConfigInvoker.invokeConfigurationMethod(ConfigInvoker.java:340)
at org.testng.internal.ConfigInvoker.invokeConfigurations(ConfigInvoker.java:294)
at org.testng.TestRunner.invokeTestConfigurations(TestRunner.java:623)
at org.testng.TestRunner.beforeRun(TestRunner.java:613)
at org.testng.TestRunner.run(TestRunner.java:584)
at org.testng.SuiteRunner.runTest(SuiteRunner.java:402)
at org.testng.SuiteRunner.runSequentially(SuiteRunner.java:396)
at org.testng.SuiteRunner.privateRun(SuiteRunner.java:355)
at org.testng.SuiteRunner.run(SuiteRunner.java:304)
at org.testng.SuiteRunnerWorker.runSuite(SuiteRunnerWorker.java:53)
at org.testng.SuiteRunnerWorker.run(SuiteRunnerWorker.java:96)
at org.testng.TestNG.runSuitesSequentially(TestNG.java:1180)
at org.testng.TestNG.runSuitesLocally(TestNG.java:1102)
at org.testng.TestNG.runSuites(TestNG.java:1032)
at org.testng.TestNG.run(TestNG.java:1000)
at org.testng.remote.AbstractRemoteTestNG.run(AbstractRemoteTestNG.java:115)
at org.testng.remote.RemoteTestNG.initAndRun(RemoteTestNG.java:251)
at org.testng.remote.RemoteTestNG.main(RemoteTestNG.java:77)
]]>
            </full-stacktrace>
          </exception> <!-- org.openqa.selenium.SessionNotCreatedException -->
          <reporter-output>
          </reporter-output>
        </test-method> <!-- nuami -->
        <test-method status="SKIP" signature="close()[pri:0, instance:helo2020@6fc6f14e]" name="close" is-config="true" duration-ms="-1587221915524" started-at="2020-04-18T10:58:35 EDT" finished-at="1969-12-31T19:00:00 EST">
          <reporter-output>
          </reporter-output>
        </test-method> <!-- close -->
      </class> <!-- helo2020 -->
    </test> <!-- Default test -->
  </suite> <!-- Default suite -->
</testng-results>
